<?xml version="1.0" encoding="utf-8"?>
<CoverageSession xmlns:xsd="http://www.w3.org/2001/XMLSchema" xmlns:xsi="http://www.w3.org/2001/XMLSchema-instance">
  <Summary numSequencePoints="71" visitedSequencePoints="42" numBranchPoints="31" visitedBranchPoints="10" sequenceCoverage="59.15" branchCoverage="32.26" maxCyclomaticComplexity="2" minCyclomaticComplexity="1" />
  <Modules>
    <Module skippedDueTo="Filter" hash="3F-86-44-9D-0D-07-6A-A0-B0-74-64-5F-BD-19-3E-CE-6E-DE-17-8C">
      <FullName>C:\Windows\Microsoft.Net\assembly\GAC_32\mscorlib\v4.0_4.0.0.0__b77a5c561934e089\mscorlib.dll</FullName>
      <ModuleName>mscorlib</ModuleName>
      <Classes />
    </Module>
    <Module skippedDueTo="MissingPdb" hash="37-80-BE-DC-A8-79-2C-78-4A-75-9F-D4-19-B1-3A-5A-48-3E-CA-03">
      <FullName>X:\Coding\! Install !\SharpDevelop\bin\Tools\NUnit\nunit-console-x86.exe</FullName>
      <ModuleName>nunit-console</ModuleName>
      <Classes />
    </Module>
    <Module skippedDueTo="MissingPdb" hash="33-E1-CA-24-52-5A-B7-C7-C4-AF-91-2C-A9-4A-C0-37-67-0D-5B-FE">
      <FullName>X:\Coding\! Install !\SharpDevelop\bin\Tools\NUnit\lib\nunit.core.dll</FullName>
      <ModuleName>nunit.core</ModuleName>
      <Classes />
    </Module>
    <Module skippedDueTo="MissingPdb" hash="2A-C4-E5-DE-F3-EE-AD-84-E1-65-84-CC-15-90-76-96-E7-01-44-4E">
      <FullName>X:\Coding\! Install !\SharpDevelop\bin\Tools\NUnit\lib\nunit-console-runner.dll</FullName>
      <ModuleName>nunit-console-runner</ModuleName>
      <Classes />
    </Module>
    <Module skippedDueTo="MissingPdb" hash="74-74-F6-87-59-E1-5F-4F-5F-5E-6E-82-50-E8-E2-46-D4-86-15-76">
      <FullName>X:\Coding\! Install !\SharpDevelop\bin\Tools\NUnit\lib\nunit.util.dll</FullName>
      <ModuleName>nunit.util</ModuleName>
      <Classes />
    </Module>
    <Module skippedDueTo="MissingPdb" hash="D3-A4-4D-85-55-F7-CE-EF-A5-90-AA-EF-58-E0-9F-B6-CC-27-99-53">
      <FullName>X:\Coding\! Install !\SharpDevelop\bin\Tools\NUnit\lib\nunit.core.interfaces.dll</FullName>
      <ModuleName>nunit.core.interfaces</ModuleName>
      <Classes />
    </Module>
    <Module skippedDueTo="Filter" hash="AD-56-8F-5F-20-FC-6D-01-BA-F5-88-25-06-84-53-56-62-E9-A7-DA">
      <FullName>C:\Windows\Microsoft.Net\assembly\GAC_MSIL\System.Configuration\v4.0_4.0.0.0__b03f5f7f11d50a3a\System.Configuration.dll</FullName>
      <ModuleName>System.Configuration</ModuleName>
      <Classes />
    </Module>
    <Module skippedDueTo="Filter" hash="31-4C-59-B7-5C-AF-0C-72-D6-7E-ED-4D-87-55-B7-49-31-7E-69-0F">
      <FullName>C:\Windows\Microsoft.Net\assembly\GAC_MSIL\System\v4.0_4.0.0.0__b77a5c561934e089\System.dll</FullName>
      <ModuleName>System</ModuleName>
      <Classes />
    </Module>
    <Module skippedDueTo="Filter" hash="CF-7C-5A-57-75-87-21-E0-D5-D9-A4-B6-6E-2E-33-17-9D-6C-8A-C2">
      <FullName>C:\Windows\Microsoft.Net\assembly\GAC_MSIL\System.Xml\v4.0_4.0.0.0__b77a5c561934e089\System.Xml.dll</FullName>
      <ModuleName>System.Xml</ModuleName>
      <Classes />
    </Module>
    <Module skippedDueTo="Filter" hash="E0-F1-79-63-0F-43-2B-D0-42-64-3B-65-A6-A2-45-73-1F-DD-FC-3F">
      <FullName>C:\Windows\Microsoft.Net\assembly\GAC_MSIL\System.Runtime.Remoting\v4.0_4.0.0.0__b77a5c561934e089\System.Runtime.Remoting.dll</FullName>
      <ModuleName>System.Runtime.Remoting</ModuleName>
      <Classes />
    </Module>
    <Module skippedDueTo="Filter" hash="B7-10-4F-1B-6D-57-21-B9-85-03-68-4E-D4-19-A6-00-93-3C-4E-7D">
      <FullName>C:\Windows\Microsoft.Net\assembly\GAC_MSIL\System.Core\v4.0_4.0.0.0__b77a5c561934e089\System.Core.dll</FullName>
      <ModuleName>System.Core</ModuleName>
      <Classes />
    </Module>
    <Module skippedDueTo="Filter" hash="F0-0E-CA-0C-0F-E5-B7-12-18-59-DD-B1-74-AA-CD-CF-B8-E7-01-C1">
      <FullName>C:\Windows\Microsoft.Net\assembly\GAC_MSIL\mscorlib.resources\v4.0_4.0.0.0_ru_b77a5c561934e089\mscorlib.resources.dll</FullName>
      <ModuleName>mscorlib.resources</ModuleName>
      <Classes />
    </Module>
    <Module hash="96-F4-30-76-EB-96-E1-A6-6F-A4-FF-EB-46-ED-5F-87-68-95-D8-FD">
      <Summary numSequencePoints="4" visitedSequencePoints="3" numBranchPoints="1" visitedBranchPoints="1" sequenceCoverage="75" branchCoverage="100" maxCyclomaticComplexity="1" minCyclomaticComplexity="1" />
      <FullName>C:\Users\Sergey Ermolov\AppData\Local\Temp\nunit20\ShadowCopyCache\6356_635931137696429239\Tests_23366828\assembly\dl3\7389b663\2e8f8124_d879d101\GameCoreTest.dll</FullName>
      <ModuleName>GameCoreTest</ModuleName>
      <Files>
        <File uid="1" fullPath="x:\Coding\Git\solutions\FightClub\GameCoreTest\GameMasterTest.cs" />
      </Files>
      <Classes>
        <Class>
          <Summary numSequencePoints="0" visitedSequencePoints="0" numBranchPoints="0" visitedBranchPoints="0" sequenceCoverage="0" branchCoverage="0" maxCyclomaticComplexity="0" minCyclomaticComplexity="0" />
          <FullName>&lt;Module&gt;</FullName>
          <Methods />
        </Class>
        <Class>
          <Summary numSequencePoints="4" visitedSequencePoints="3" numBranchPoints="1" visitedBranchPoints="1" sequenceCoverage="75" branchCoverage="100" maxCyclomaticComplexity="1" minCyclomaticComplexity="1" />
          <FullName>GameCoreTest.GameMasterTest</FullName>
          <Methods>
            <Method visited="true" cyclomaticComplexity="1" sequenceCoverage="75" branchCoverage="100" isConstructor="false" isStatic="false" isGetter="false" isSetter="false">
              <Summary numSequencePoints="4" visitedSequencePoints="3" numBranchPoints="1" visitedBranchPoints="1" sequenceCoverage="75" branchCoverage="100" maxCyclomaticComplexity="1" minCyclomaticComplexity="1" />
              <MetadataToken>100663297</MetadataToken>
              <Name>System.Void GameCoreTest.GameMasterTest::NewBattleEmptyPlayerName()</Name>
              <FileRef uid="1" />
              <SequencePoints>
                <SequencePoint vc="1" uspid="1" ordinal="0" offset="0" sl="18" sc="9" el="18" ec="10" bec="0" bev="0" fileid="1" />
                <SequencePoint vc="1" uspid="2" ordinal="1" offset="1" sl="19" sc="13" el="19" ec="52" bec="0" bev="0" fileid="1" />
                <SequencePoint vc="1" uspid="3" ordinal="2" offset="12" sl="20" sc="13" el="20" ec="110" bec="0" bev="0" fileid="1" />
                <SequencePoint vc="0" uspid="4" ordinal="3" offset="39" sl="22" sc="9" el="22" ec="10" bec="0" bev="0" fileid="1" />
              </SequencePoints>
              <BranchPoints />
              <MethodPoint xsi:type="SequencePoint" vc="1" uspid="1" ordinal="0" offset="0" sl="18" sc="9" el="18" ec="10" bec="0" bev="0" fileid="1" />
            </Method>
            <Method visited="true" cyclomaticComplexity="1" sequenceCoverage="0" branchCoverage="0" isConstructor="true" isStatic="false" isGetter="false" isSetter="false">
              <Summary numSequencePoints="0" visitedSequencePoints="0" numBranchPoints="0" visitedBranchPoints="0" sequenceCoverage="0" branchCoverage="0" maxCyclomaticComplexity="1" minCyclomaticComplexity="1" />
              <MetadataToken>100663298</MetadataToken>
              <Name>System.Void GameCoreTest.GameMasterTest::.ctor()</Name>
              <SequencePoints />
              <BranchPoints />
              <MethodPoint vc="1" uspid="5" ordinal="0" offset="0" />
            </Method>
          </Methods>
        </Class>
      </Classes>
    </Module>
    <Module skippedDueTo="MissingPdb" hash="42-83-FE-A6-9F-01-8E-2C-E8-41-E9-25-3E-1E-0D-99-81-76-6B-C9">
      <FullName>C:\Users\Sergey Ermolov\AppData\Local\Temp\nunit20\ShadowCopyCache\6356_635931137696429239\Tests_23366828\assembly\dl3\5918e9ca\00cfe7c2_59bfcf01\nunit.framework.dll</FullName>
      <ModuleName>nunit.framework</ModuleName>
      <Classes />
    </Module>
    <Module hash="B9-25-05-A8-19-42-B3-F0-6B-8C-F7-DC-67-00-C9-AC-25-00-90-59">
      <Summary numSequencePoints="67" visitedSequencePoints="39" numBranchPoints="30" visitedBranchPoints="9" sequenceCoverage="58.21" branchCoverage="30" maxCyclomaticComplexity="2" minCyclomaticComplexity="1" />
      <FullName>C:\Users\Sergey Ermolov\AppData\Local\Temp\nunit20\ShadowCopyCache\6356_635931137696429239\Tests_23366828\assembly\dl3\53599e59\1c292f01_9778d101\GameCore.dll</FullName>
      <ModuleName>GameCore</ModuleName>
      <Files>
        <File uid="3" fullPath="x:\Coding\Git\solutions\FightClub\GameCore\Classes\Player\Player.cs" />
        <File uid="4" fullPath="x:\Coding\Git\solutions\FightClub\GameCore\Classes\Player\Human.cs" />
        <File uid="5" fullPath="x:\Coding\Git\solutions\FightClub\GameCore\Classes\Player\Npc.cs" />
        <File uid="6" fullPath="x:\Coding\Git\solutions\FightClub\GameCore\GameMaster.cs" />
      </Files>
      <Classes>
        <Class>
          <Summary numSequencePoints="0" visitedSequencePoints="0" numBranchPoints="0" visitedBranchPoints="0" sequenceCoverage="0" branchCoverage="0" maxCyclomaticComplexity="0" minCyclomaticComplexity="0" />
          <FullName>&lt;Module&gt;</FullName>
          <Methods />
        </Class>
        <Class>
          <Summary numSequencePoints="36" visitedSequencePoints="18" numBranchPoints="24" visitedBranchPoints="6" sequenceCoverage="50" branchCoverage="25" maxCyclomaticComplexity="2" minCyclomaticComplexity="1" />
          <FullName>GameCore.Player</FullName>
          <Methods>
            <Method visited="true" cyclomaticComplexity="1" sequenceCoverage="100" branchCoverage="100" isConstructor="false" isStatic="false" isGetter="true" isSetter="false">
              <Summary numSequencePoints="3" visitedSequencePoints="3" numBranchPoints="1" visitedBranchPoints="1" sequenceCoverage="100" branchCoverage="100" maxCyclomaticComplexity="1" minCyclomaticComplexity="1" />
              <MetadataToken>100663321</MetadataToken>
              <Name>System.String GameCore.Player::get_Name()</Name>
              <FileRef uid="3" />
              <SequencePoints>
                <SequencePoint vc="1" uspid="6" ordinal="0" offset="0" sl="27" sc="13" el="27" ec="14" bec="0" bev="0" fileid="3" />
                <SequencePoint vc="1" uspid="7" ordinal="1" offset="1" sl="28" sc="17" el="28" ec="29" bec="0" bev="0" fileid="3" />
                <SequencePoint vc="1" uspid="8" ordinal="2" offset="10" sl="29" sc="13" el="29" ec="14" bec="0" bev="0" fileid="3" />
              </SequencePoints>
              <BranchPoints />
              <MethodPoint xsi:type="SequencePoint" vc="1" uspid="6" ordinal="0" offset="0" sl="27" sc="13" el="27" ec="14" bec="0" bev="0" fileid="3" />
            </Method>
            <Method visited="true" cyclomaticComplexity="1" sequenceCoverage="100" branchCoverage="100" isConstructor="false" isStatic="false" isGetter="false" isSetter="true">
              <Summary numSequencePoints="3" visitedSequencePoints="3" numBranchPoints="1" visitedBranchPoints="1" sequenceCoverage="100" branchCoverage="100" maxCyclomaticComplexity="1" minCyclomaticComplexity="1" />
              <MetadataToken>100663322</MetadataToken>
              <Name>System.Void GameCore.Player::set_Name(System.String)</Name>
              <FileRef uid="3" />
              <SequencePoints>
                <SequencePoint vc="2" uspid="9" ordinal="0" offset="0" sl="31" sc="13" el="31" ec="14" bec="0" bev="0" fileid="3" />
                <SequencePoint vc="2" uspid="10" ordinal="1" offset="1" sl="32" sc="17" el="32" ec="30" bec="0" bev="0" fileid="3" />
                <SequencePoint vc="2" uspid="11" ordinal="2" offset="8" sl="33" sc="13" el="33" ec="14" bec="0" bev="0" fileid="3" />
              </SequencePoints>
              <BranchPoints />
              <MethodPoint xsi:type="SequencePoint" vc="2" uspid="9" ordinal="0" offset="0" sl="31" sc="13" el="31" ec="14" bec="0" bev="0" fileid="3" />
            </Method>
            <Method visited="false" cyclomaticComplexity="1" sequenceCoverage="0" branchCoverage="0" isConstructor="false" isStatic="false" isGetter="true" isSetter="false">
              <Summary numSequencePoints="3" visitedSequencePoints="0" numBranchPoints="1" visitedBranchPoints="0" sequenceCoverage="0" branchCoverage="0" maxCyclomaticComplexity="1" minCyclomaticComplexity="1" />
              <MetadataToken>100663323</MetadataToken>
              <Name>System.Boolean GameCore.Player::get_IsHumanAttacker()</Name>
              <FileRef uid="3" />
              <SequencePoints>
                <SequencePoint vc="0" uspid="12" ordinal="0" offset="0" sl="40" sc="13" el="40" ec="14" bec="0" bev="0" fileid="3" />
                <SequencePoint vc="0" uspid="13" ordinal="1" offset="1" sl="41" sc="17" el="41" ec="40" bec="0" bev="0" fileid="3" />
                <SequencePoint vc="0" uspid="14" ordinal="2" offset="10" sl="42" sc="13" el="42" ec="14" bec="0" bev="0" fileid="3" />
              </SequencePoints>
              <BranchPoints />
              <MethodPoint xsi:type="SequencePoint" vc="0" uspid="12" ordinal="0" offset="0" sl="40" sc="13" el="40" ec="14" bec="0" bev="0" fileid="3" />
            </Method>
            <Method visited="true" cyclomaticComplexity="1" sequenceCoverage="100" branchCoverage="100" isConstructor="false" isStatic="false" isGetter="false" isSetter="true">
              <Summary numSequencePoints="3" visitedSequencePoints="3" numBranchPoints="1" visitedBranchPoints="1" sequenceCoverage="100" branchCoverage="100" maxCyclomaticComplexity="1" minCyclomaticComplexity="1" />
              <MetadataToken>100663324</MetadataToken>
              <Name>System.Void GameCore.Player::set_IsHumanAttacker(System.Boolean)</Name>
              <FileRef uid="3" />
              <SequencePoints>
                <SequencePoint vc="1" uspid="15" ordinal="0" offset="0" sl="44" sc="13" el="44" ec="14" bec="0" bev="0" fileid="3" />
                <SequencePoint vc="1" uspid="16" ordinal="1" offset="1" sl="45" sc="17" el="45" ec="41" bec="0" bev="0" fileid="3" />
                <SequencePoint vc="1" uspid="17" ordinal="2" offset="8" sl="46" sc="13" el="46" ec="14" bec="0" bev="0" fileid="3" />
              </SequencePoints>
              <BranchPoints />
              <MethodPoint xsi:type="SequencePoint" vc="1" uspid="15" ordinal="0" offset="0" sl="44" sc="13" el="44" ec="14" bec="0" bev="0" fileid="3" />
            </Method>
            <Method visited="false" cyclomaticComplexity="1" sequenceCoverage="0" branchCoverage="0" isConstructor="false" isStatic="false" isGetter="true" isSetter="false">
              <Summary numSequencePoints="3" visitedSequencePoints="0" numBranchPoints="1" visitedBranchPoints="0" sequenceCoverage="0" branchCoverage="0" maxCyclomaticComplexity="1" minCyclomaticComplexity="1" />
              <MetadataToken>100663325</MetadataToken>
              <Name>System.Int32 GameCore.Player::get_Hp()</Name>
              <FileRef uid="3" />
              <SequencePoints>
                <SequencePoint vc="0" uspid="18" ordinal="0" offset="0" sl="53" sc="13" el="53" ec="14" bec="0" bev="0" fileid="3" />
                <SequencePoint vc="0" uspid="19" ordinal="1" offset="1" sl="54" sc="17" el="54" ec="27" bec="0" bev="0" fileid="3" />
                <SequencePoint vc="0" uspid="20" ordinal="2" offset="10" sl="55" sc="13" el="55" ec="14" bec="0" bev="0" fileid="3" />
              </SequencePoints>
              <BranchPoints />
              <MethodPoint xsi:type="SequencePoint" vc="0" uspid="18" ordinal="0" offset="0" sl="53" sc="13" el="53" ec="14" bec="0" bev="0" fileid="3" />
            </Method>
            <Method visited="true" cyclomaticComplexity="1" sequenceCoverage="100" branchCoverage="100" isConstructor="false" isStatic="false" isGetter="false" isSetter="true">
              <Summary numSequencePoints="3" visitedSequencePoints="3" numBranchPoints="1" visitedBranchPoints="1" sequenceCoverage="100" branchCoverage="100" maxCyclomaticComplexity="1" minCyclomaticComplexity="1" />
              <MetadataToken>100663326</MetadataToken>
              <Name>System.Void GameCore.Player::set_Hp(System.Int32)</Name>
              <FileRef uid="3" />
              <SequencePoints>
                <SequencePoint vc="2" uspid="21" ordinal="0" offset="0" sl="57" sc="13" el="57" ec="14" bec="0" bev="0" fileid="3" />
                <SequencePoint vc="2" uspid="22" ordinal="1" offset="1" sl="58" sc="17" el="58" ec="28" bec="0" bev="0" fileid="3" />
                <SequencePoint vc="2" uspid="23" ordinal="2" offset="8" sl="59" sc="13" el="59" ec="14" bec="0" bev="0" fileid="3" />
              </SequencePoints>
              <BranchPoints />
              <MethodPoint xsi:type="SequencePoint" vc="2" uspid="21" ordinal="0" offset="0" sl="57" sc="13" el="57" ec="14" bec="0" bev="0" fileid="3" />
            </Method>
            <Method visited="false" cyclomaticComplexity="1" sequenceCoverage="0" branchCoverage="0" isConstructor="false" isStatic="false" isGetter="true" isSetter="false">
              <Summary numSequencePoints="3" visitedSequencePoints="0" numBranchPoints="1" visitedBranchPoints="0" sequenceCoverage="0" branchCoverage="0" maxCyclomaticComplexity="1" minCyclomaticComplexity="1" />
              <MetadataToken>100663327</MetadataToken>
              <Name>System.Int32 GameCore.Player::get_MaxHp()</Name>
              <FileRef uid="3" />
              <SequencePoints>
                <SequencePoint vc="0" uspid="24" ordinal="0" offset="0" sl="66" sc="13" el="66" ec="14" bec="0" bev="0" fileid="3" />
                <SequencePoint vc="0" uspid="25" ordinal="1" offset="1" sl="67" sc="17" el="67" ec="30" bec="0" bev="0" fileid="3" />
                <SequencePoint vc="0" uspid="26" ordinal="2" offset="10" sl="68" sc="13" el="68" ec="14" bec="0" bev="0" fileid="3" />
              </SequencePoints>
              <BranchPoints />
              <MethodPoint xsi:type="SequencePoint" vc="0" uspid="24" ordinal="0" offset="0" sl="66" sc="13" el="66" ec="14" bec="0" bev="0" fileid="3" />
            </Method>
            <Method visited="true" cyclomaticComplexity="1" sequenceCoverage="100" branchCoverage="100" isConstructor="false" isStatic="false" isGetter="false" isSetter="true">
              <Summary numSequencePoints="3" visitedSequencePoints="3" numBranchPoints="1" visitedBranchPoints="1" sequenceCoverage="100" branchCoverage="100" maxCyclomaticComplexity="1" minCyclomaticComplexity="1" />
              <MetadataToken>100663328</MetadataToken>
              <Name>System.Void GameCore.Player::set_MaxHp(System.Int32)</Name>
              <FileRef uid="3" />
              <SequencePoints>
                <SequencePoint vc="2" uspid="27" ordinal="0" offset="0" sl="70" sc="13" el="70" ec="14" bec="0" bev="0" fileid="3" />
                <SequencePoint vc="2" uspid="28" ordinal="1" offset="1" sl="71" sc="17" el="71" ec="31" bec="0" bev="0" fileid="3" />
                <SequencePoint vc="2" uspid="29" ordinal="2" offset="8" sl="72" sc="13" el="72" ec="14" bec="0" bev="0" fileid="3" />
              </SequencePoints>
              <BranchPoints />
              <MethodPoint xsi:type="SequencePoint" vc="2" uspid="27" ordinal="0" offset="0" sl="70" sc="13" el="70" ec="14" bec="0" bev="0" fileid="3" />
            </Method>
            <Method visited="false" cyclomaticComplexity="1" sequenceCoverage="0" branchCoverage="0" isConstructor="false" isStatic="false" isGetter="true" isSetter="false">
              <Summary numSequencePoints="3" visitedSequencePoints="0" numBranchPoints="1" visitedBranchPoints="0" sequenceCoverage="0" branchCoverage="0" maxCyclomaticComplexity="1" minCyclomaticComplexity="1" />
              <MetadataToken>100663329</MetadataToken>
              <Name>System.Int32 GameCore.Player::get_Damage()</Name>
              <FileRef uid="3" />
              <SequencePoints>
                <SequencePoint vc="0" uspid="30" ordinal="0" offset="0" sl="79" sc="13" el="79" ec="14" bec="0" bev="0" fileid="3" />
                <SequencePoint vc="0" uspid="31" ordinal="1" offset="1" sl="80" sc="17" el="80" ec="31" bec="0" bev="0" fileid="3" />
                <SequencePoint vc="0" uspid="32" ordinal="2" offset="10" sl="81" sc="13" el="81" ec="14" bec="0" bev="0" fileid="3" />
              </SequencePoints>
              <BranchPoints />
              <MethodPoint xsi:type="SequencePoint" vc="0" uspid="30" ordinal="0" offset="0" sl="79" sc="13" el="79" ec="14" bec="0" bev="0" fileid="3" />
            </Method>
            <Method visited="true" cyclomaticComplexity="1" sequenceCoverage="100" branchCoverage="100" isConstructor="false" isStatic="false" isGetter="false" isSetter="true">
              <Summary numSequencePoints="3" visitedSequencePoints="3" numBranchPoints="1" visitedBranchPoints="1" sequenceCoverage="100" branchCoverage="100" maxCyclomaticComplexity="1" minCyclomaticComplexity="1" />
              <MetadataToken>100663330</MetadataToken>
              <Name>System.Void GameCore.Player::set_Damage(System.Int32)</Name>
              <FileRef uid="3" />
              <SequencePoints>
                <SequencePoint vc="2" uspid="33" ordinal="0" offset="0" sl="83" sc="13" el="83" ec="14" bec="0" bev="0" fileid="3" />
                <SequencePoint vc="2" uspid="34" ordinal="1" offset="1" sl="84" sc="17" el="84" ec="32" bec="0" bev="0" fileid="3" />
                <SequencePoint vc="2" uspid="35" ordinal="2" offset="8" sl="85" sc="13" el="85" ec="14" bec="0" bev="0" fileid="3" />
              </SequencePoints>
              <BranchPoints />
              <MethodPoint xsi:type="SequencePoint" vc="2" uspid="33" ordinal="0" offset="0" sl="83" sc="13" el="83" ec="14" bec="0" bev="0" fileid="3" />
            </Method>
            <Method visited="false" cyclomaticComplexity="2" sequenceCoverage="0" branchCoverage="0" isConstructor="false" isStatic="false" isGetter="false" isSetter="false">
              <Summary numSequencePoints="0" visitedSequencePoints="0" numBranchPoints="2" visitedBranchPoints="0" sequenceCoverage="0" branchCoverage="0" maxCyclomaticComplexity="2" minCyclomaticComplexity="2" />
              <MetadataToken>100663315</MetadataToken>
              <Name>System.Void GameCore.Player::add_Wound(GameCore.PlayerStatus)</Name>
              <SequencePoints />
              <BranchPoints>
                <BranchPoint vc="0" uspid="37" ordinal="0" offset="45" path="0" offsetchain="" offsetend="47" />
                <BranchPoint vc="0" uspid="38" ordinal="1" offset="45" path="1" offsetchain="" offsetend="7" />
              </BranchPoints>
              <MethodPoint vc="0" uspid="36" ordinal="0" offset="0" />
            </Method>
            <Method visited="false" cyclomaticComplexity="2" sequenceCoverage="0" branchCoverage="0" isConstructor="false" isStatic="false" isGetter="false" isSetter="false">
              <Summary numSequencePoints="0" visitedSequencePoints="0" numBranchPoints="2" visitedBranchPoints="0" sequenceCoverage="0" branchCoverage="0" maxCyclomaticComplexity="2" minCyclomaticComplexity="2" />
              <MetadataToken>100663316</MetadataToken>
              <Name>System.Void GameCore.Player::remove_Wound(GameCore.PlayerStatus)</Name>
              <SequencePoints />
              <BranchPoints>
                <BranchPoint vc="0" uspid="40" ordinal="0" offset="45" path="0" offsetchain="" offsetend="47" />
                <BranchPoint vc="0" uspid="41" ordinal="1" offset="45" path="1" offsetchain="" offsetend="7" />
              </BranchPoints>
              <MethodPoint vc="0" uspid="39" ordinal="0" offset="0" />
            </Method>
            <Method visited="false" cyclomaticComplexity="2" sequenceCoverage="0" branchCoverage="0" isConstructor="false" isStatic="false" isGetter="false" isSetter="false">
              <Summary numSequencePoints="0" visitedSequencePoints="0" numBranchPoints="2" visitedBranchPoints="0" sequenceCoverage="0" branchCoverage="0" maxCyclomaticComplexity="2" minCyclomaticComplexity="2" />
              <MetadataToken>100663317</MetadataToken>
              <Name>System.Void GameCore.Player::add_Block(GameCore.PlayerStatus)</Name>
              <SequencePoints />
              <BranchPoints>
                <BranchPoint vc="0" uspid="43" ordinal="0" offset="45" path="0" offsetchain="" offsetend="47" />
                <BranchPoint vc="0" uspid="44" ordinal="1" offset="45" path="1" offsetchain="" offsetend="7" />
              </BranchPoints>
              <MethodPoint vc="0" uspid="42" ordinal="0" offset="0" />
            </Method>
            <Method visited="false" cyclomaticComplexity="2" sequenceCoverage="0" branchCoverage="0" isConstructor="false" isStatic="false" isGetter="false" isSetter="false">
              <Summary numSequencePoints="0" visitedSequencePoints="0" numBranchPoints="2" visitedBranchPoints="0" sequenceCoverage="0" branchCoverage="0" maxCyclomaticComplexity="2" minCyclomaticComplexity="2" />
              <MetadataToken>100663318</MetadataToken>
              <Name>System.Void GameCore.Player::remove_Block(GameCore.PlayerStatus)</Name>
              <SequencePoints />
              <BranchPoints>
                <BranchPoint vc="0" uspid="46" ordinal="0" offset="45" path="0" offsetchain="" offsetend="47" />
                <BranchPoint vc="0" uspid="47" ordinal="1" offset="45" path="1" offsetchain="" offsetend="7" />
              </BranchPoints>
              <MethodPoint vc="0" uspid="45" ordinal="0" offset="0" />
            </Method>
            <Method visited="false" cyclomaticComplexity="2" sequenceCoverage="0" branchCoverage="0" isConstructor="false" isStatic="false" isGetter="false" isSetter="false">
              <Summary numSequencePoints="0" visitedSequencePoints="0" numBranchPoints="2" visitedBranchPoints="0" sequenceCoverage="0" branchCoverage="0" maxCyclomaticComplexity="2" minCyclomaticComplexity="2" />
              <MetadataToken>100663319</MetadataToken>
              <Name>System.Void GameCore.Player::add_Death(GameCore.PlayerStatus)</Name>
              <SequencePoints />
              <BranchPoints>
                <BranchPoint vc="0" uspid="49" ordinal="0" offset="45" path="0" offsetchain="" offsetend="47" />
                <BranchPoint vc="0" uspid="50" ordinal="1" offset="45" path="1" offsetchain="" offsetend="7" />
              </BranchPoints>
              <MethodPoint vc="0" uspid="48" ordinal="0" offset="0" />
            </Method>
            <Method visited="false" cyclomaticComplexity="2" sequenceCoverage="0" branchCoverage="0" isConstructor="false" isStatic="false" isGetter="false" isSetter="false">
              <Summary numSequencePoints="0" visitedSequencePoints="0" numBranchPoints="2" visitedBranchPoints="0" sequenceCoverage="0" branchCoverage="0" maxCyclomaticComplexity="2" minCyclomaticComplexity="2" />
              <MetadataToken>100663320</MetadataToken>
              <Name>System.Void GameCore.Player::remove_Death(GameCore.PlayerStatus)</Name>
              <SequencePoints />
              <BranchPoints>
                <BranchPoint vc="0" uspid="52" ordinal="0" offset="45" path="0" offsetchain="" offsetend="47" />
                <BranchPoint vc="0" uspid="53" ordinal="1" offset="45" path="1" offsetchain="" offsetend="7" />
              </BranchPoints>
              <MethodPoint vc="0" uspid="51" ordinal="0" offset="0" />
            </Method>
            <Method visited="false" cyclomaticComplexity="1" sequenceCoverage="0" branchCoverage="0" isConstructor="false" isStatic="false" isGetter="false" isSetter="false">
              <Summary numSequencePoints="3" visitedSequencePoints="0" numBranchPoints="1" visitedBranchPoints="0" sequenceCoverage="0" branchCoverage="0" maxCyclomaticComplexity="1" minCyclomaticComplexity="1" />
              <MetadataToken>100663331</MetadataToken>
              <Name>GameCore.BodyPart GameCore.Player::GetHit(GameCore.BodyPart)</Name>
              <FileRef uid="3" />
              <SequencePoints>
                <SequencePoint vc="0" uspid="54" ordinal="0" offset="0" sl="89" sc="9" el="89" ec="10" bec="0" bev="0" fileid="3" />
                <SequencePoint vc="0" uspid="55" ordinal="1" offset="1" sl="90" sc="13" el="90" ec="24" bec="0" bev="0" fileid="3" />
                <SequencePoint vc="0" uspid="56" ordinal="2" offset="5" sl="91" sc="9" el="91" ec="10" bec="0" bev="0" fileid="3" />
              </SequencePoints>
              <BranchPoints />
              <MethodPoint xsi:type="SequencePoint" vc="0" uspid="54" ordinal="0" offset="0" sl="89" sc="9" el="89" ec="10" bec="0" bev="0" fileid="3" />
            </Method>
            <Method visited="false" cyclomaticComplexity="1" sequenceCoverage="0" branchCoverage="0" isConstructor="false" isStatic="false" isGetter="false" isSetter="false">
              <Summary numSequencePoints="3" visitedSequencePoints="0" numBranchPoints="1" visitedBranchPoints="0" sequenceCoverage="0" branchCoverage="0" maxCyclomaticComplexity="1" minCyclomaticComplexity="1" />
              <MetadataToken>100663332</MetadataToken>
              <Name>GameCore.BodyPart GameCore.Player::SetBlock(GameCore.BodyPart)</Name>
              <FileRef uid="3" />
              <SequencePoints>
                <SequencePoint vc="0" uspid="57" ordinal="0" offset="0" sl="93" sc="9" el="93" ec="10" bec="0" bev="0" fileid="3" />
                <SequencePoint vc="0" uspid="58" ordinal="1" offset="1" sl="94" sc="13" el="94" ec="24" bec="0" bev="0" fileid="3" />
                <SequencePoint vc="0" uspid="59" ordinal="2" offset="5" sl="95" sc="9" el="95" ec="10" bec="0" bev="0" fileid="3" />
              </SequencePoints>
              <BranchPoints />
              <MethodPoint xsi:type="SequencePoint" vc="0" uspid="57" ordinal="0" offset="0" sl="93" sc="9" el="93" ec="10" bec="0" bev="0" fileid="3" />
            </Method>
            <Method visited="true" cyclomaticComplexity="1" sequenceCoverage="0" branchCoverage="0" isConstructor="true" isStatic="false" isGetter="false" isSetter="false">
              <Summary numSequencePoints="0" visitedSequencePoints="0" numBranchPoints="0" visitedBranchPoints="0" sequenceCoverage="0" branchCoverage="0" maxCyclomaticComplexity="1" minCyclomaticComplexity="1" />
              <MetadataToken>100663333</MetadataToken>
              <Name>System.Void GameCore.Player::.ctor()</Name>
              <SequencePoints />
              <BranchPoints />
              <MethodPoint vc="2" uspid="60" ordinal="0" offset="0" />
            </Method>
          </Methods>
        </Class>
        <Class>
          <Summary numSequencePoints="8" visitedSequencePoints="8" numBranchPoints="1" visitedBranchPoints="1" sequenceCoverage="100" branchCoverage="100" maxCyclomaticComplexity="1" minCyclomaticComplexity="1" />
          <FullName>GameCore.Human</FullName>
          <Methods>
            <Method visited="true" cyclomaticComplexity="1" sequenceCoverage="100" branchCoverage="100" isConstructor="true" isStatic="false" isGetter="false" isSetter="false">
              <Summary numSequencePoints="8" visitedSequencePoints="8" numBranchPoints="1" visitedBranchPoints="1" sequenceCoverage="100" branchCoverage="100" maxCyclomaticComplexity="1" minCyclomaticComplexity="1" />
              <MetadataToken>100663334</MetadataToken>
              <Name>System.Void GameCore.Human::.ctor(System.String,System.Int32,System.Int32,System.Int32)</Name>
              <FileRef uid="4" />
              <SequencePoints>
                <SequencePoint vc="1" uspid="61" ordinal="0" offset="0" sl="18" sc="9" el="18" ec="174" bec="0" bev="0" fileid="4" />
                <SequencePoint vc="1" uspid="62" ordinal="1" offset="7" sl="19" sc="9" el="19" ec="10" bec="0" bev="0" fileid="4" />
                <SequencePoint vc="1" uspid="63" ordinal="2" offset="8" sl="20" sc="13" el="20" ec="25" bec="0" bev="0" fileid="4" />
                <SequencePoint vc="1" uspid="64" ordinal="3" offset="16" sl="21" sc="13" el="21" ec="21" bec="0" bev="0" fileid="4" />
                <SequencePoint vc="1" uspid="65" ordinal="4" offset="24" sl="22" sc="13" el="22" ec="27" bec="0" bev="0" fileid="4" />
                <SequencePoint vc="1" uspid="66" ordinal="5" offset="32" sl="23" sc="13" el="23" ec="29" bec="0" bev="0" fileid="4" />
                <SequencePoint vc="1" uspid="67" ordinal="6" offset="41" sl="24" sc="13" el="24" ec="36" bec="0" bev="0" fileid="4" />
                <SequencePoint vc="1" uspid="68" ordinal="7" offset="49" sl="25" sc="9" el="25" ec="10" bec="0" bev="0" fileid="4" />
              </SequencePoints>
              <BranchPoints />
              <MethodPoint xsi:type="SequencePoint" vc="1" uspid="61" ordinal="0" offset="0" sl="18" sc="9" el="18" ec="174" bec="0" bev="0" fileid="4" />
            </Method>
          </Methods>
        </Class>
        <Class>
          <Summary numSequencePoints="18" visitedSequencePoints="8" numBranchPoints="4" visitedBranchPoints="1" sequenceCoverage="44.44" branchCoverage="25" maxCyclomaticComplexity="1" minCyclomaticComplexity="1" />
          <FullName>GameCore.Npc</FullName>
          <Methods>
            <Method visited="true" cyclomaticComplexity="1" sequenceCoverage="100" branchCoverage="100" isConstructor="true" isStatic="false" isGetter="false" isSetter="false">
              <Summary numSequencePoints="8" visitedSequencePoints="8" numBranchPoints="1" visitedBranchPoints="1" sequenceCoverage="100" branchCoverage="100" maxCyclomaticComplexity="1" minCyclomaticComplexity="1" />
              <MetadataToken>100663335</MetadataToken>
              <Name>System.Void GameCore.Npc::.ctor(System.String,System.Int32,System.Int32,System.Int32)</Name>
              <FileRef uid="5" />
              <SequencePoints>
                <SequencePoint vc="1" uspid="69" ordinal="0" offset="0" sl="16" sc="9" el="16" ec="35" bec="0" bev="0" fileid="5" />
                <SequencePoint vc="1" uspid="70" ordinal="1" offset="11" sl="19" sc="9" el="19" ec="173" bec="0" bev="0" fileid="5" />
                <SequencePoint vc="1" uspid="71" ordinal="2" offset="18" sl="20" sc="9" el="20" ec="10" bec="0" bev="0" fileid="5" />
                <SequencePoint vc="1" uspid="72" ordinal="3" offset="19" sl="21" sc="13" el="21" ec="25" bec="0" bev="0" fileid="5" />
                <SequencePoint vc="1" uspid="73" ordinal="4" offset="27" sl="22" sc="13" el="22" ec="21" bec="0" bev="0" fileid="5" />
                <SequencePoint vc="1" uspid="74" ordinal="5" offset="35" sl="23" sc="13" el="23" ec="27" bec="0" bev="0" fileid="5" />
                <SequencePoint vc="1" uspid="75" ordinal="6" offset="43" sl="24" sc="13" el="24" ec="29" bec="0" bev="0" fileid="5" />
                <SequencePoint vc="1" uspid="76" ordinal="7" offset="52" sl="25" sc="9" el="25" ec="10" bec="0" bev="0" fileid="5" />
              </SequencePoints>
              <BranchPoints />
              <MethodPoint xsi:type="SequencePoint" vc="1" uspid="69" ordinal="0" offset="0" sl="16" sc="9" el="16" ec="35" bec="0" bev="0" fileid="5" />
            </Method>
            <Method visited="false" cyclomaticComplexity="1" sequenceCoverage="0" branchCoverage="0" isConstructor="false" isStatic="false" isGetter="false" isSetter="false">
              <Summary numSequencePoints="4" visitedSequencePoints="0" numBranchPoints="1" visitedBranchPoints="0" sequenceCoverage="0" branchCoverage="0" maxCyclomaticComplexity="1" minCyclomaticComplexity="1" />
              <MetadataToken>100663336</MetadataToken>
              <Name>GameCore.BodyPart GameCore.Npc::GenRandPart()</Name>
              <FileRef uid="5" />
              <SequencePoints>
                <SequencePoint vc="0" uspid="77" ordinal="0" offset="0" sl="28" sc="9" el="28" ec="10" bec="0" bev="0" fileid="5" />
                <SequencePoint vc="0" uspid="78" ordinal="1" offset="1" sl="29" sc="13" el="29" ec="64" bec="0" bev="0" fileid="5" />
                <SequencePoint vc="0" uspid="79" ordinal="2" offset="19" sl="30" sc="13" el="30" ec="49" bec="0" bev="0" fileid="5" />
                <SequencePoint vc="0" uspid="80" ordinal="3" offset="35" sl="31" sc="9" el="31" ec="10" bec="0" bev="0" fileid="5" />
              </SequencePoints>
              <BranchPoints />
              <MethodPoint xsi:type="SequencePoint" vc="0" uspid="77" ordinal="0" offset="0" sl="28" sc="9" el="28" ec="10" bec="0" bev="0" fileid="5" />
            </Method>
            <Method visited="false" cyclomaticComplexity="1" sequenceCoverage="0" branchCoverage="0" isConstructor="false" isStatic="false" isGetter="false" isSetter="false">
              <Summary numSequencePoints="3" visitedSequencePoints="0" numBranchPoints="1" visitedBranchPoints="0" sequenceCoverage="0" branchCoverage="0" maxCyclomaticComplexity="1" minCyclomaticComplexity="1" />
              <MetadataToken>100663337</MetadataToken>
              <Name>GameCore.BodyPart GameCore.Npc::GetHit(GameCore.BodyPart)</Name>
              <FileRef uid="5" />
              <SequencePoints>
                <SequencePoint vc="0" uspid="81" ordinal="0" offset="0" sl="34" sc="9" el="34" ec="10" bec="0" bev="0" fileid="5" />
                <SequencePoint vc="0" uspid="82" ordinal="1" offset="1" sl="35" sc="13" el="35" ec="34" bec="0" bev="0" fileid="5" />
                <SequencePoint vc="0" uspid="83" ordinal="2" offset="10" sl="36" sc="9" el="36" ec="10" bec="0" bev="0" fileid="5" />
              </SequencePoints>
              <BranchPoints />
              <MethodPoint xsi:type="SequencePoint" vc="0" uspid="81" ordinal="0" offset="0" sl="34" sc="9" el="34" ec="10" bec="0" bev="0" fileid="5" />
            </Method>
            <Method visited="false" cyclomaticComplexity="1" sequenceCoverage="0" branchCoverage="0" isConstructor="false" isStatic="false" isGetter="false" isSetter="false">
              <Summary numSequencePoints="3" visitedSequencePoints="0" numBranchPoints="1" visitedBranchPoints="0" sequenceCoverage="0" branchCoverage="0" maxCyclomaticComplexity="1" minCyclomaticComplexity="1" />
              <MetadataToken>100663338</MetadataToken>
              <Name>GameCore.BodyPart GameCore.Npc::SetBlock(GameCore.BodyPart)</Name>
              <FileRef uid="5" />
              <SequencePoints>
                <SequencePoint vc="0" uspid="84" ordinal="0" offset="0" sl="39" sc="9" el="39" ec="10" bec="0" bev="0" fileid="5" />
                <SequencePoint vc="0" uspid="85" ordinal="1" offset="1" sl="40" sc="13" el="40" ec="34" bec="0" bev="0" fileid="5" />
                <SequencePoint vc="0" uspid="86" ordinal="2" offset="10" sl="41" sc="9" el="41" ec="10" bec="0" bev="0" fileid="5" />
              </SequencePoints>
              <BranchPoints />
              <MethodPoint xsi:type="SequencePoint" vc="0" uspid="84" ordinal="0" offset="0" sl="39" sc="9" el="39" ec="10" bec="0" bev="0" fileid="5" />
            </Method>
          </Methods>
        </Class>
        <Class>
          <Summary numSequencePoints="0" visitedSequencePoints="0" numBranchPoints="0" visitedBranchPoints="0" sequenceCoverage="0" branchCoverage="0" maxCyclomaticComplexity="0" minCyclomaticComplexity="0" />
          <FullName>GameCore.PlayerDefaultValue</FullName>
          <Methods />
        </Class>
        <Class>
          <Summary numSequencePoints="0" visitedSequencePoints="0" numBranchPoints="0" visitedBranchPoints="0" sequenceCoverage="0" branchCoverage="0" maxCyclomaticComplexity="0" minCyclomaticComplexity="0" />
          <FullName>GameCore.PlayerStatus</FullName>
          <Methods>
            <Method visited="false" cyclomaticComplexity="0" sequenceCoverage="0" branchCoverage="0" isConstructor="true" isStatic="false" isGetter="false" isSetter="false">
              <Summary numSequencePoints="0" visitedSequencePoints="0" numBranchPoints="0" visitedBranchPoints="0" sequenceCoverage="0" branchCoverage="0" maxCyclomaticComplexity="1" minCyclomaticComplexity="1" />
              <MetadataToken>100663339</MetadataToken>
              <Name>System.Void GameCore.PlayerStatus::.ctor(System.Object,System.IntPtr)</Name>
              <SequencePoints />
              <BranchPoints />
              <MethodPoint vc="0" uspid="87" ordinal="0" offset="0" />
            </Method>
            <Method visited="false" cyclomaticComplexity="0" sequenceCoverage="0" branchCoverage="0" isConstructor="false" isStatic="false" isGetter="false" isSetter="false">
              <Summary numSequencePoints="0" visitedSequencePoints="0" numBranchPoints="0" visitedBranchPoints="0" sequenceCoverage="0" branchCoverage="0" maxCyclomaticComplexity="1" minCyclomaticComplexity="1" />
              <MetadataToken>100663340</MetadataToken>
              <Name>System.Void GameCore.PlayerStatus::Invoke(System.String,System.Int32,System.Int32)</Name>
              <SequencePoints />
              <BranchPoints />
              <MethodPoint vc="0" uspid="88" ordinal="0" offset="0" />
            </Method>
            <Method visited="false" cyclomaticComplexity="0" sequenceCoverage="0" branchCoverage="0" isConstructor="false" isStatic="false" isGetter="false" isSetter="false">
              <Summary numSequencePoints="0" visitedSequencePoints="0" numBranchPoints="0" visitedBranchPoints="0" sequenceCoverage="0" branchCoverage="0" maxCyclomaticComplexity="1" minCyclomaticComplexity="1" />
              <MetadataToken>100663341</MetadataToken>
              <Name>System.IAsyncResult GameCore.PlayerStatus::BeginInvoke(System.String,System.Int32,System.Int32,System.AsyncCallback,System.Object)</Name>
              <SequencePoints />
              <BranchPoints />
              <MethodPoint vc="0" uspid="89" ordinal="0" offset="0" />
            </Method>
            <Method visited="false" cyclomaticComplexity="0" sequenceCoverage="0" branchCoverage="0" isConstructor="false" isStatic="false" isGetter="false" isSetter="false">
              <Summary numSequencePoints="0" visitedSequencePoints="0" numBranchPoints="0" visitedBranchPoints="0" sequenceCoverage="0" branchCoverage="0" maxCyclomaticComplexity="1" minCyclomaticComplexity="1" />
              <MetadataToken>100663342</MetadataToken>
              <Name>System.Void GameCore.PlayerStatus::EndInvoke(System.IAsyncResult)</Name>
              <SequencePoints />
              <BranchPoints />
              <MethodPoint vc="0" uspid="90" ordinal="0" offset="0" />
            </Method>
          </Methods>
        </Class>
        <Class>
          <Summary numSequencePoints="5" visitedSequencePoints="5" numBranchPoints="1" visitedBranchPoints="1" sequenceCoverage="100" branchCoverage="100" maxCyclomaticComplexity="1" minCyclomaticComplexity="1" />
          <FullName>GameCore.GameMaster</FullName>
          <Methods>
            <Method visited="true" cyclomaticComplexity="1" sequenceCoverage="100" branchCoverage="100" isConstructor="true" isStatic="false" isGetter="false" isSetter="false">
              <Summary numSequencePoints="5" visitedSequencePoints="5" numBranchPoints="1" visitedBranchPoints="1" sequenceCoverage="100" branchCoverage="100" maxCyclomaticComplexity="1" minCyclomaticComplexity="1" />
              <MetadataToken>100663343</MetadataToken>
              <Name>System.Void GameCore.GameMaster::.ctor(System.String)</Name>
              <FileRef uid="6" />
              <SequencePoints>
                <SequencePoint vc="1" uspid="91" ordinal="0" offset="0" sl="35" sc="9" el="35" ec="39" bec="0" bev="0" fileid="6" />
                <SequencePoint vc="1" uspid="92" ordinal="1" offset="7" sl="36" sc="9" el="36" ec="10" bec="0" bev="0" fileid="6" />
                <SequencePoint vc="1" uspid="93" ordinal="2" offset="8" sl="37" sc="13" el="37" ec="37" bec="0" bev="0" fileid="6" />
                <SequencePoint vc="1" uspid="94" ordinal="3" offset="26" sl="38" sc="13" el="38" ec="29" bec="0" bev="0" fileid="6" />
                <SequencePoint vc="1" uspid="95" ordinal="4" offset="48" sl="40" sc="9" el="40" ec="10" bec="0" bev="0" fileid="6" />
              </SequencePoints>
              <BranchPoints />
              <MethodPoint xsi:type="SequencePoint" vc="1" uspid="91" ordinal="0" offset="0" sl="35" sc="9" el="35" ec="39" bec="0" bev="0" fileid="6" />
            </Method>
          </Methods>
        </Class>
      </Classes>
    </Module>
  </Modules>
</CoverageSession>